<?xml version="1.0" encoding="UTF-8" ?>
<testsuite failures="0" time="0" errors="0" skipped="0" tests="18" name="org.neuroph.core.transfer.TanhTest">
  <properties>
[...]
</properties>
  <testcase time="0" classname="org.neuroph.core.transfer.TanhTest" name="testGetOutput[0]"/>
  <testcase time="0" classname="org.neuroph.core.transfer.TanhTest" name="testGetDerivative[0]"/>
  <testcase time="0" classname="org.neuroph.core.transfer.TanhTest" name="testGetOutput[1]"/>
  <testcase time="0" classname="org.neuroph.core.transfer.TanhTest" name="testGetDerivative[1]"/>
  <testcase time="0" classname="org.neuroph.core.transfer.TanhTest" name="testGetOutput[2]"/>
  <testcase time="0" classname="org.neuroph.core.transfer.TanhTest" name="testGetDerivative[2]"/>
  <testcase time="0" classname="org.neuroph.core.transfer.TanhTest" name="testGetOutput[3]"/>
  <testcase time="0" classname="org.neuroph.core.transfer.TanhTest" name="testGetDerivative[3]"/>
  <testcase time="0" classname="org.neuroph.core.transfer.TanhTest" name="testGetOutput[4]"/>
  <testcase time="0" classname="org.neuroph.core.transfer.TanhTest" name="testGetDerivative[4]"/>
  <testcase time="0" classname="org.neuroph.core.transfer.TanhTest" name="testGetOutput[5]"/>
  <testcase time="0" classname="org.neuroph.core.transfer.TanhTest" name="testGetDerivative[5]"/>
  <testcase time="0" classname="org.neuroph.core.transfer.TanhTest" name="testGetOutput[6]"/>
  <testcase time="0" classname="org.neuroph.core.transfer.TanhTest" name="testGetDerivative[6]"/>
  <testcase time="0" classname="org.neuroph.core.transfer.TanhTest" name="testGetOutput[7]"/>
  <testcase time="0" classname="org.neuroph.core.transfer.TanhTest" name="testGetDerivative[7]"/>
  <testcase time="0" classname="org.neuroph.core.transfer.TanhTest" name="testGetOutput[8]"/>
  <testcase time="0" classname="org.neuroph.core.transfer.TanhTest" name="testGetDerivative[8]"/>
</testsuite>